<?xml version="1.0" encoding="UTF-8"?>
<testsuite name="tests.EqTests" tests="10" skipped="0" failures="0" errors="0" timestamp="2018-05-28T06:26:29" hostname="shanehaw" time="0.032">
  <properties/>
  <testcase name="add and sub" classname="tests.EqTests" time="0.019"/>
  <testcase name="subtraction" classname="tests.EqTests" time="0.0"/>
  <testcase name="brackets and multiply" classname="tests.EqTests" time="0.001"/>
  <testcase name="nonsense in nonsense out" classname="tests.EqTests" time="0.007"/>
  <testcase name="addition" classname="tests.EqTests" time="0.0"/>
  <testcase name="combination" classname="tests.EqTests" time="0.001"/>
  <testcase name="brackets" classname="tests.EqTests" time="0.0"/>
  <testcase name="division" classname="tests.EqTests" time="0.0"/>
  <testcase name="multiply" classname="tests.EqTests" time="0.0"/>
  <testcase name="simple number" classname="tests.EqTests" time="0.001"/>
  <system-out><![CDATA[]]></system-out>
  <system-err><![CDATA[]]></system-err>
</testsuite>
